<?xml version="1.0" encoding="UTF-8"?>
<!-- Generated by org.testng.reporters.JUnitReportReporter -->
<testsuite hostname="DESKTOP-PNFH2DG" failures="0" tests="22" name="test.TestProgram" time="0.042" errors="0" timestamp="2020-11-09T17:14:26 EET" skipped="0">
  <testcase classname="test.TestProgram" name="minMaxTest" time="0.001"/>
  <system-out/>
  <testcase classname="test.TestProgram" name="caseTest" time="0.002"/>
  <system-out/>
  <testcase classname="test.TestProgram" name="ifTest" time="0.001"/>
  <system-out/>
  <testcase classname="test.TestProgram" name="booleanTest" time="0.002"/>
  <system-out/>
  <testcase classname="test.TestProgram" name="minMaxTest" time="0.001"/>
  <system-out/>
  <testcase classname="test.TestProgram" name="arrayTest" time="0.001"/>
  <system-out/>
  <testcase classname="test.TestProgram" name="whileTest" time="0.001"/>
  <system-out/>
  <testcase classname="test.TestProgram" name="whileTest" time="0.000"/>
  <system-out/>
  <testcase classname="test.TestProgram" name="booleanTest" time="0.002"/>
  <system-out/>
  <testcase classname="test.TestProgram" name="forTest" time="0.001"/>
  <system-out/>
  <testcase classname="test.TestProgram" name="caseTest" time="0.001"/>
  <system-out/>
  <testcase classname="test.TestProgram" name="ifTest" time="0.001"/>
  <system-out/>
  <testcase classname="test.TestProgram" name="matrixTest" time="0.001"/>
  <system-out/>
  <testcase classname="test.TestProgram" name="arrayTest" time="0.018"/>
  <system-out/>
  <testcase classname="test.TestProgram" name="caseTest" time="0.003"/>
  <system-out/>
  <testcase classname="test.TestProgram" name="integerTest" time="0.001"/>
  <system-out/>
  <testcase classname="test.TestProgram" name="ifTest" time="0.001"/>
  <system-out/>
  <testcase classname="test.TestProgram" name="arrayTest" time="0.001"/>
  <system-out/>
  <testcase classname="test.TestProgram" name="forTest" time="0.001"/>
  <system-out/>
  <testcase classname="test.TestProgram" name="forTest" time="0.001"/>
  <system-out/>
  <testcase classname="test.TestProgram" name="integerTest" time="0.001"/>
  <system-out/>
  <testcase classname="test.TestProgram" name="whileTest" time="0.000"/>
  <system-out/>
</testsuite> <!-- test.TestProgram -->
